<?xml version="1.0" encoding="UTF-8"?>
<testsuite name="ru.stqa.pft.addressbook.tests.ContactCreation" tests="2" skipped="0" failures="0" errors="0" timestamp="2019-01-20T23:49:57" hostname="LAPTOP-LMQOUC8I" time="33.178">
  <properties/>
  <testcase name="testContactCreation[0](ContactData{id=2147483647, firstname='Denis', lastname='Abakumov'})" classname="ru.stqa.pft.addressbook.tests.ContactCreation" time="19.202"/>
  <testcase name="testContactCreation[1](ContactData{id=2147483647, firstname='Pavel', lastname='Konovalov'})" classname="ru.stqa.pft.addressbook.tests.ContactCreation" time="13.976"/>
  <system-out><![CDATA[]]></system-out>
  <system-err><![CDATA[]]></system-err>
</testsuite>
